2021-10-03 22:21:48,565 - werkzeug - WARNING -  * Running on all addresses.
   WARNING: This is a development server. Do not use it in a production deployment.
2021-10-03 22:21:48,565 - werkzeug - INFO -  * Running on http://10.104.68.227:8000/ (Press CTRL+C to quit)
2021-10-03 22:35:34,531 - candidate_service - INFO - In Ger All Candidates API
2021-10-03 22:35:34,531 - candidate_dao - INFO - In Get Candidates DB Service
2021-10-03 22:35:34,611 - candidate_dao - INFO - In Finally of DB Connection
2021-10-03 22:35:34,615 - candidate_dao - INFO - Query executed successfully select * from candidates
2021-10-03 22:35:34,615 - candidate_dao - INFO - Successfully get the candidates [(87578, 'Dina', 'Bangalore', 'MCA', 'Automation', '11')]
2021-10-03 22:35:34,615 - candidate_service - INFO - [{'candidateid': 87578, 'name': 'Dina', 'address': 'Bangalore', 'qualification': 'MCA', 'jobskill': 'Automation', 'yearsofexperience': '11'}]
2021-10-03 22:35:34,616 - werkzeug - INFO - 127.0.0.1 - - [03/Oct/2021 22:35:34] "GET /candidateservice/getallcandidates HTTP/1.1" 200 -
2021-10-03 22:42:14,087 - candidate_service - INFO - In Ger All Candidates API
2021-10-03 22:42:14,087 - candidate_dao - INFO - In Get Candidates DB Service
2021-10-03 22:42:14,104 - candidate_dao - INFO - In Finally of DB Connection
2021-10-03 22:42:14,108 - candidate_dao - INFO - Query executed successfully select * from candidates
2021-10-03 22:42:14,108 - candidate_dao - INFO - Successfully get the candidates [(87578, 'Dina', 'Bangalore', 'MCA', 'Automation', '11')]
2021-10-03 22:42:14,108 - candidate_service - INFO - [{'candidateid': 87578, 'name': 'Dina', 'address': 'Bangalore', 'qualification': 'MCA', 'jobskill': 'Automation', 'yearsofexperience': '11'}]
2021-10-03 22:42:14,108 - werkzeug - INFO - 127.0.0.1 - - [03/Oct/2021 22:42:14] "GET /candidateservice/getallcandidates HTTP/1.1" 200 -
2021-10-03 22:42:21,906 - candidate_service - INFO - In Ger All Candidates API
2021-10-03 22:42:21,906 - candidate_dao - INFO - In Get Candidates DB Service
2021-10-03 22:42:21,922 - candidate_dao - INFO - In Finally of DB Connection
2021-10-03 22:42:21,926 - candidate_dao - INFO - Query executed successfully select * from candidates
2021-10-03 22:42:21,926 - candidate_dao - INFO - Successfully get the candidates [(87578, 'Dina', 'Bangalore', 'MCA', 'Automation', '11')]
2021-10-03 22:42:21,926 - candidate_service - INFO - [{'candidateid': 87578, 'name': 'Dina', 'address': 'Bangalore', 'qualification': 'MCA', 'jobskill': 'Automation', 'yearsofexperience': '11'}]
2021-10-03 22:42:21,926 - werkzeug - INFO - 127.0.0.1 - - [03/Oct/2021 22:42:21] "GET /candidateservice/getallcandidates HTTP/1.1" 200 -
2021-10-03 22:42:53,917 - candidate_service_app - INFO - JSON Request: {'name': 'Rahul', 'address': 'WesBengal', 'qualification': 'BE ECE', 'jobskill': 'Devops', 'yearsofexperience': '6'}
2021-10-03 22:42:53,918 - candidate_service_app - INFO - name: Rahul
2021-10-03 22:42:53,918 - candidate_service_app - INFO - Going to call add candidate API...
2021-10-03 22:42:53,918 - candidate_service - INFO - In Add Candidate API
2021-10-03 22:42:53,918 - candidate_service - INFO - name Rahul address WesBengal qualification BE ECE jobskill Devops yearsofexperience 6
2021-10-03 22:42:53,918 - candidate_dao - INFO - In Add Candidate DAO Service
2021-10-03 22:42:53,918 - candidate_dao - INFO - candidateid 437841 name Rahul address WesBengal qualification BE ECE jobskill Devops yearsofexperience 6
2021-10-03 22:42:53,959 - candidate_dao - INFO - In Finally of DB Connection
2021-10-03 22:42:53,966 - candidate_dao - INFO - Query executed successfully INSERT INTO candidates (candidateid, name, address, qualification, jobskill, yearsofexperience) VALUES (%s, %s, %s, %s, %s, %s)
2021-10-03 22:42:53,966 - candidate_service_app - ERROR - Exception on /candidateservice/addcandidate [POST]
Traceback (most recent call last):
  File "/Library/Frameworks/Python.framework/Versions/3.9/lib/python3.9/site-packages/flask/app.py", line 2070, in wsgi_app
    response = self.full_dispatch_request()
  File "/Library/Frameworks/Python.framework/Versions/3.9/lib/python3.9/site-packages/flask/app.py", line 1515, in full_dispatch_request
    rv = self.handle_user_exception(e)
  File "/Library/Frameworks/Python.framework/Versions/3.9/lib/python3.9/site-packages/flask/app.py", line 1513, in full_dispatch_request
    rv = self.dispatch_request()
  File "/Library/Frameworks/Python.framework/Versions/3.9/lib/python3.9/site-packages/flask/app.py", line 1499, in dispatch_request
    return self.ensure_sync(self.view_functions[rule.endpoint])(**req.view_args)
  File "/Users/dgnaneswaran/OneDrive - VMware, Inc/Dina/VM Materials/Take1/Cloud Architect Course works/Cloud Architect Final Project/Recruting-Agency/recruitment-candidate-service/candidate_service_app.py", line 33, in add_candidate
    candidateAdded =  candidate_service.addCandidate(name=name, address=address, qualification=qualification, jobskill=jobskill, yearsofexperience=yearsofexperience)
  File "/Users/dgnaneswaran/OneDrive - VMware, Inc/Dina/VM Materials/Take1/Cloud Architect Course works/Cloud Architect Final Project/Recruting-Agency/recruitment-candidate-service/candidate_service.py", line 24, in addCandidate
    candidate_dao.addCandidateDAO(name, address, qualification, jobskill, yearsofexperience)
  File "/Users/dgnaneswaran/OneDrive - VMware, Inc/Dina/VM Materials/Take1/Cloud Architect Course works/Cloud Architect Final Project/Recruting-Agency/recruitment-candidate-service/candidate_dao.py", line 79, in addCandidateDAO
    logger.info("Successfully inserted the candidate entry for the id " + str(jobid))
NameError: name 'jobid' is not defined
2021-10-03 22:42:53,967 - werkzeug - INFO - 127.0.0.1 - - [03/Oct/2021 22:42:53] "[35m[1mPOST /candidateservice/addcandidate HTTP/1.1[0m" 500 -
2021-10-03 22:42:57,845 - candidate_service - INFO - In Ger All Candidates API
2021-10-03 22:42:57,845 - candidate_dao - INFO - In Get Candidates DB Service
2021-10-03 22:42:57,859 - candidate_dao - INFO - In Finally of DB Connection
2021-10-03 22:42:57,862 - candidate_dao - INFO - Query executed successfully select * from candidates
2021-10-03 22:42:57,862 - candidate_dao - INFO - Successfully get the candidates [(87578, 'Dina', 'Bangalore', 'MCA', 'Automation', '11'), (437841, 'Rahul', 'WesBengal', 'BE ECE', 'Devops', '6')]
2021-10-03 22:42:57,862 - candidate_service - INFO - [{'candidateid': 87578, 'name': 'Dina', 'address': 'Bangalore', 'qualification': 'MCA', 'jobskill': 'Automation', 'yearsofexperience': '11'}, {'candidateid': 437841, 'name': 'Rahul', 'address': 'WesBengal', 'qualification': 'BE ECE', 'jobskill': 'Devops', 'yearsofexperience': '6'}]
2021-10-03 22:42:57,862 - werkzeug - INFO - 127.0.0.1 - - [03/Oct/2021 22:42:57] "GET /candidateservice/getallcandidates HTTP/1.1" 200 -
